\BOOKMARK [1][-]{section.1}{\376\377\000I\000n\000t\000r\000o\000d\000u\000c\000t\000i\000o\000n}{}% 1
\BOOKMARK [2][-]{subsection.1.1}{\376\377\000E\000n\000v\000i\000r\000o\000n\000m\000e\000n\000t\000s}{section.1}% 2
\BOOKMARK [2][-]{subsection.1.2}{\376\377\000A\000l\000g\000o\000r\000i\000t\000h\000m\000s}{section.1}% 3
\BOOKMARK [1][-]{section.2}{\376\377\000I\000m\000p\000l\000e\000m\000e\000n\000t\000a\000t\000i\000o\000n}{}% 4
\BOOKMARK [2][-]{subsection.2.1}{\376\377\000C\000a\000r\000t\000P\000o\000l\000e\000-\000v\0001}{section.2}% 5
\BOOKMARK [3][-]{subsubsection.2.1.1}{\376\377\000C\000o\000d\000e\000\040\000S\000n\000i\000p\000p\000e\000t\000s}{subsection.2.1}% 6
\BOOKMARK [3][-]{subsubsection.2.1.2}{\376\377\000S\000A\000R\000S\000A\000\040\000H\000y\000p\000e\000r\000-\000P\000a\000r\000a\000m\000e\000t\000e\000r\000\040\000T\000u\000n\000i\000n\000g}{subsection.2.1}% 7
\BOOKMARK [3][-]{subsubsection.2.1.3}{\376\377\000S\000A\000R\000S\000A\000\040\000b\000e\000s\000t\000\040\0003\000\040\000r\000e\000s\000u\000l\000t\000s}{subsection.2.1}% 8
\BOOKMARK [3][-]{subsubsection.2.1.4}{\376\377\000Q\000-\000L\000e\000a\000r\000n\000i\000n\000g\000\040\000h\000y\000p\000e\000r\000-\000p\000a\000r\000a\000m\000e\000t\000e\000r\000\040\000t\000u\000n\000i\000n\000g}{subsection.2.1}% 9
\BOOKMARK [3][-]{subsubsection.2.1.5}{\376\377\000Q\000-\000L\000e\000a\000r\000n\000i\000n\000g\000\040\000b\000e\000s\000t\000\040\0003\000\040\000r\000e\000s\000u\000l\000t\000s}{subsection.2.1}% 10
\BOOKMARK [3][-]{subsubsection.2.1.6}{\376\377\000R\000e\000s\000u\000l\000t\000\050\000S\000A\000R\000S\000A\000\040\000v\000s\000\040\000Q\000-\000L\000e\000a\000r\000n\000i\000n\000g\000\051}{subsection.2.1}% 11
\BOOKMARK [2][-]{subsection.2.2}{\376\377\000M\000o\000u\000n\000t\000a\000i\000n\000C\000a\000r\000-\000v\0000}{section.2}% 12
\BOOKMARK [3][-]{subsubsection.2.2.1}{\376\377\000C\000o\000d\000e\000\040\000S\000n\000i\000p\000p\000e\000t\000s}{subsection.2.2}% 13
\BOOKMARK [3][-]{subsubsection.2.2.2}{\376\377\000S\000A\000R\000S\000A\000\040\000h\000y\000p\000e\000r\000-\000p\000a\000r\000a\000m\000e\000t\000e\000r\000\040\000t\000u\000n\000i\000n\000g}{subsection.2.2}% 14
\BOOKMARK [3][-]{subsubsection.2.2.3}{\376\377\000S\000A\000R\000S\000A\000\040\000b\000e\000s\000t\000\040\0003\000\040\000r\000e\000s\000u\000l\000t\000s}{subsection.2.2}% 15
\BOOKMARK [3][-]{subsubsection.2.2.4}{\376\377\000Q\000-\000L\000e\000a\000r\000n\000i\000n\000g\000\040\000h\000y\000p\000e\000r\000-\000p\000a\000r\000a\000m\000e\000t\000e\000r\000\040\000t\000u\000n\000i\000n\000g}{subsection.2.2}% 16
\BOOKMARK [3][-]{subsubsection.2.2.5}{\376\377\000Q\000-\000L\000e\000a\000r\000n\000i\000n\000g\000\040\000b\000e\000s\000t\000\040\0003\000\040\000r\000e\000s\000u\000l\000t\000s}{subsection.2.2}% 17
\BOOKMARK [3][-]{subsubsection.2.2.6}{\376\377\000R\000e\000s\000u\000l\000t\000\050\000S\000A\000R\000S\000A\000\040\000v\000s\000\040\000Q\000-\000L\000e\000a\000r\000n\000i\000n\000g\000\051}{subsection.2.2}% 18
\BOOKMARK [2][-]{subsection.2.3}{\376\377\000M\000i\000n\000i\000G\000r\000i\000d\000-\000D\000y\000n\000a\000m\000i\000c\000-\000O\000b\000s\000t\000a\000c\000l\000e\000s\000-\0005\000x\0005\000-\000v\0000}{section.2}% 19
\BOOKMARK [3][-]{subsubsection.2.3.1}{\376\377\000C\000o\000d\000e\000\040\000S\000n\000i\000p\000p\000e\000t\000s}{subsection.2.3}% 20
\BOOKMARK [3][-]{subsubsection.2.3.2}{\376\377\000S\000A\000R\000S\000A\000\040\000h\000y\000p\000e\000r\000-\000p\000a\000r\000a\000m\000e\000t\000e\000r\000\040\000t\000u\000n\000i\000n\000g}{subsection.2.3}% 21
\BOOKMARK [3][-]{subsubsection.2.3.3}{\376\377\000S\000A\000R\000S\000A\000\040\000b\000e\000s\000t\000\040\0003\000\040\000r\000e\000s\000u\000l\000t\000s}{subsection.2.3}% 22
\BOOKMARK [3][-]{subsubsection.2.3.4}{\376\377\000Q\000-\000L\000e\000a\000r\000n\000i\000n\000g\000\040\000h\000y\000p\000e\000r\000-\000p\000a\000r\000a\000m\000e\000t\000e\000r\000\040\000t\000u\000n\000i\000n\000g}{subsection.2.3}% 23
\BOOKMARK [3][-]{subsubsection.2.3.5}{\376\377\000Q\000-\000L\000e\000a\000r\000n\000i\000n\000g\000\040\000b\000e\000s\000t\000\040\0003\000\040\000r\000e\000s\000u\000l\000t\000s}{subsection.2.3}% 24
\BOOKMARK [3][-]{subsubsection.2.3.6}{\376\377\000R\000e\000s\000u\000l\000t\000\050\000S\000A\000R\000S\000A\000\040\000v\000s\000\040\000Q\000-\000L\000e\000a\000r\000n\000i\000n\000g\000\051}{subsection.2.3}% 25
\BOOKMARK [1][-]{section.3}{\376\377\000C\000o\000n\000c\000l\000u\000s\000i\000o\000n}{}% 26
\BOOKMARK [1][-]{section.4}{\376\377\000G\000i\000t\000h\000u\000b\000\040\000l\000i\000n\000k}{}% 27
\BOOKMARK [1][-]{section.5}{\376\377\000R\000e\000f\000e\000r\000e\000n\000c\000e\000s}{}% 28
